\BOOKMARK [0][]{chapter.1}{\376\377\000\332\000v\000o\000d}{}% 1
\BOOKMARK [0][]{chapter.2}{\376\377\000M\000o\000d\000e\000l\000o\000v\000\341\000n\000\355\000\040\000v\000l\000a\000s\000t\000n\000o\000s\000t\000\355}{}% 2
\BOOKMARK [1][]{section.2.1}{\376\377\000M\000o\000t\000i\000v\000a\000c\000e}{chapter.2}% 3
\BOOKMARK [1][]{section.2.2}{\376\377\001\130\000a\000d\000a\000\040\000s\000o\000f\000t\000w\000a\000r\000o\000v\000\375\000c\000h\000\040\000p\000r\000o\000d\000u\000k\000t\001\157}{chapter.2}% 4
\BOOKMARK [1][]{section.2.3}{\376\377\000M\000o\000d\000e\000l\000\040\000r\000o\000d\000i\000n\000y\000\040\000p\000r\000o\000d\000u\000k\000t\001\157}{chapter.2}% 5
\BOOKMARK [1][]{section.2.4}{\376\377\000V\000l\000a\000s\000t\000n\000o\000s\000t\000i}{chapter.2}% 6
\BOOKMARK [2][]{subsection.2.4.1}{\376\377\000M\000o\000d\000e\000l\000\040\000v\000l\000a\000s\000t\000n\000o\000s\000t\000\355}{section.2.4}% 7
\BOOKMARK [2][]{subsection.2.4.2}{\376\377\000M\000o\000d\000e\000l\000\040\000v\000a\000r\000i\000a\000n\000t}{section.2.4}% 8
\BOOKMARK [2][]{subsection.2.4.3}{\376\377\000G\000r\000a\000f\000i\000c\000k\000\351\000\040\000z\000n\000\341\000z\000o\000r\000n\001\033\000n\000\355}{section.2.4}% 9
\BOOKMARK [2][]{subsection.2.4.4}{\376\377\000T\000y\000p\000y\000\040\000v\000l\000a\000s\000t\000n\000o\000s\000t\000\355}{section.2.4}% 10
\BOOKMARK [0][]{chapter.3}{\376\377\000M\000o\000d\000e\000l\000o\000v\000a\000c\000\355\000\040\000n\000\341\000s\000t\000r\000o\000j\000e}{}% 11
\BOOKMARK [1][]{section.3.1}{\376\377\000p\000u\000r\000e\000:\000:\000v\000a\000r\000i\000a\000n\000t\000s}{chapter.3}% 12
\BOOKMARK [1][]{section.3.2}{\376\377\000X\000f\000e\000a\000t\000u\000r\000e}{chapter.3}% 13
\BOOKMARK [1][]{section.3.3}{\376\377\000F\000e\000a\000t\000u\000r\000e\000\040\000M\000o\000d\000e\000l\000i\000n\000g\000\040\000P\000l\000u\000g\000-\000i\000n}{chapter.3}% 14
\BOOKMARK [1][]{section.3.4}{\376\377\000S\000o\000f\000t\000w\000a\000r\000e\000\040\000P\000r\000o\000d\000u\000c\000t\000\040\000L\000i\000n\000e\000s\000\040\000O\000n\000l\000i\000n\000e\000\040\000T\000o\000o\000l\000s}{chapter.3}% 15
\BOOKMARK [1][]{section.3.5}{\376\377\000V\000l\000a\000s\000t\000n\000\355\000\040\000n\000\341\000s\000t\000r\000o\000j}{chapter.3}% 16
\BOOKMARK [1][]{section.3.6}{\376\377\000V\000\375\000b\001\033\000r}{chapter.3}% 17
\BOOKMARK [2][]{subsection.3.6.1}{\376\377\000I\000m\000p\000o\000r\000t\000/\000E\000x\000p\000o\000r\000t}{section.3.6}% 18
\BOOKMARK [2][]{subsection.3.6.2}{\376\377\000P\001\131\000e\000h\000l\000e\000d\000n\000o\000s\000t}{section.3.6}% 19
\BOOKMARK [2][]{subsection.3.6.3}{\376\377\000K\000o\000n\000f\000i\000g\000u\000r\000a\000c\000e}{section.3.6}% 20
\BOOKMARK [2][]{subsection.3.6.4}{\376\377\000C\000e\000n\000a}{section.3.6}% 21
\BOOKMARK [1][]{section.3.7}{\376\377\000S\000h\000r\000n\000u\000t\000\355}{chapter.3}% 22
\BOOKMARK [0][]{chapter.4}{\376\377\000G\000e\000n\000e\000r\000a\000t\000i\000v\000n\000\355\000\040\000p\000r\000o\000g\000r\000a\000m\000o\000v\000\341\000n\000\355}{}% 23
\BOOKMARK [1][]{section.4.1}{\376\377\000M\000o\000t\000i\000v\000a\000c\000e}{chapter.4}% 24
\BOOKMARK [1][]{section.4.2}{\376\377\000G\000e\000n\000e\000r\000\341\000t\000o\000r\000y}{chapter.4}% 25
\BOOKMARK [2][]{subsection.4.2.1}{\376\377\000K\000o\000m\000p\000o\000z\000i\000c\000e}{section.4.2}% 26
\BOOKMARK [2][]{subsection.4.2.2}{\376\377\000T\000r\000a\000n\000s\000f\000o\000r\000m\000a\000c\000e}{section.4.2}% 27
\BOOKMARK [2][]{subsection.4.2.3}{\376\377\000A\000p\000l\000i\000k\000a\000c\000e\000\040\000n\000a\000\040\000s\000o\000f\000t\000w\000a\000r\000e}{section.4.2}% 28
\BOOKMARK [1][]{section.4.3}{\376\377\000S\000h\000r\000n\000u\000t\000\355}{chapter.4}% 29
\BOOKMARK [0][]{chapter.5}{\376\377\000N\000\341\000s\000t\000r\000o\000j\000\040\000p\000r\000o\000\040\000t\000v\000o\000r\000b\000u\000\040\000j\000a\000z\000y\000k\001\157}{}% 30
\BOOKMARK [1][]{section.5.1}{\376\377\000G\000P\000L\000\040\000a\000\040\000D\000S\000L}{chapter.5}% 31
\BOOKMARK [2][]{subsection.5.1.1}{\376\377\000G\000P\000L}{section.5.1}% 32
\BOOKMARK [2][]{subsection.5.1.2}{\376\377\000D\000S\000L}{section.5.1}% 33
\BOOKMARK [1][]{section.5.2}{\376\377\000X\000t\000e\000x\000t}{chapter.5}% 34
\BOOKMARK [2][]{subsection.5.2.1}{\376\377\000I\000n\000s\000t\000a\000l\000a\000c\000e}{section.5.2}% 35
\BOOKMARK [2][]{subsection.5.2.2}{\376\377\000T\000v\000o\000r\000b\000a\000\040\000j\000a\000z\000y\000k\000a}{section.5.2}% 36
\BOOKMARK [2][]{subsection.5.2.3}{\376\377\000T\000e\000s\000a\000T\000K}{section.5.2}% 37
\BOOKMARK [1][]{section.5.3}{\376\377\000D\000a\000l\001\141\000\355\000\040\000n\000\341\000s\000t\000r\000o\000j\000e}{chapter.5}% 38
\BOOKMARK [2][]{subsection.5.3.1}{\376\377\000t\000e\000x\000t\000X}{section.5.3}% 39
\BOOKMARK [2][]{subsection.5.3.2}{\376\377\000S\000p\000o\000o\000f\000a\000x}{section.5.3}% 40
\BOOKMARK [2][]{subsection.5.3.3}{\376\377\000J\000e\000t\000B\000r\000a\000i\000n\000s\000\040\000M\000P\000S}{section.5.3}% 41
\BOOKMARK [1][]{section.5.4}{\376\377\000S\000h\000r\000n\000u\000t\000\355}{chapter.5}% 42
\BOOKMARK [0][]{chapter*.12}{\376\377\000L\000i\000t\000e\000r\000a\000t\000u\000r\000a}{}% 43
